<?xml version="1.0" encoding="UTF-8"?>
<!-- Generated by org.testng.reporters.JUnitReportReporter -->
<testsuite hostname="LAPTOP-5E7SJ6AA" failures="0" tests="1" name="tests.ActitimeLoginTest" time="8.044" errors="0" timestamp="2023-04-24T21:59:05 EDT" skipped="0">
  <testcase classname="tests.ActitimeLoginTest" name="loginToActiwebsite" time="8.044"/>
  <system-out/>
</testsuite> <!-- tests.ActitimeLoginTest -->
